Flow report for modelsim_example
Thu Nov 24 19:51:00 2016
Quartus II 64-Bit Version 13.0.1 Build 232 06/12/2013 Service Pack 1.78 SJ Web Edition


---------------------
; Table of Contents ;
---------------------
  1. Legal Notice
  2. Flow Summary
  3. Flow Settings
  4. Flow Non-Default Global Settings
  5. Flow Elapsed Time
  6. Flow OS Summary
  7. Flow Log
  8. Flow Messages
  9. Flow Suppressed Messages



----------------
; Legal Notice ;
----------------
Copyright (C) 1991-2013 Altera Corporation
Your use of Altera Corporation's design tools, logic functions 
and other software and tools, and its AMPP partner logic 
functions, and any output files from any of the foregoing 
(including device programming or simulation files), and any 
associated documentation or information are expressly subject 
to the terms and conditions of the Altera Program License 
Subscription Agreement, Altera MegaCore Function License 
Agreement, or other applicable license agreement, including, 
without limitation, that your use is for the sole purpose of 
programming logic devices manufactured by Altera and sold by 
Altera or its authorized distributors.  Please refer to the 
applicable agreement for further details.



+-----------------------------------------------------------------------------------------+
; Flow Summary                                                                            ;
+------------------------------------+----------------------------------------------------+
; Flow Status                        ; Successful - Thu Nov 24 19:50:56 2016              ;
; Quartus II 64-Bit Version          ; 13.0.1 Build 232 06/12/2013 SP 1.78 SJ Web Edition ;
; Revision Name                      ; modelsim_example                                   ;
; Top-level Entity Name              ; modelsim_example                                   ;
; Family                             ; Cyclone IV GX                                      ;
; Total logic elements               ; 1 / 109,424 ( < 1 % )                              ;
;     Total combinational functions  ; 1 / 109,424 ( < 1 % )                              ;
;     Dedicated logic registers      ; 0 / 109,424 ( 0 % )                                ;
; Total registers                    ; 0                                                  ;
; Total pins                         ; 283 / 426 ( 66 % )                                 ;
; Total virtual pins                 ; 0                                                  ;
; Total memory bits                  ; 0 / 5,621,760 ( 0 % )                              ;
; Embedded Multiplier 9-bit elements ; 0 / 560 ( 0 % )                                    ;
; Total GXB Receiver Channel PCS     ; 0 / 8 ( 0 % )                                      ;
; Total GXB Receiver Channel PMA     ; 0 / 8 ( 0 % )                                      ;
; Total GXB Transmitter Channel PCS  ; 0 / 8 ( 0 % )                                      ;
; Total GXB Transmitter Channel PMA  ; 0 / 8 ( 0 % )                                      ;
; Total PLLs                         ; 0 / 8 ( 0 % )                                      ;
; Device                             ; EP4CGX110DF27C7                                    ;
; Timing Models                      ; Final                                              ;
+------------------------------------+----------------------------------------------------+


+-----------------------------------------+
; Flow Settings                           ;
+-------------------+---------------------+
; Option            ; Setting             ;
+-------------------+---------------------+
; Start date & time ; 11/24/2016 19:50:32 ;
; Main task         ; Compilation         ;
; Revision Name     ; modelsim_example    ;
+-------------------+---------------------+


+--------------------------------------------------------------------------------------------------------+
; Flow Non-Default Global Settings                                                                       ;
+-------------------------------------+-----------------------+---------------+-------------+------------+
; Assignment Name                     ; Value                 ; Default Value ; Entity Name ; Section Id ;
+-------------------------------------+-----------------------+---------------+-------------+------------+
; COMPILER_SIGNATURE_ID               ; 0.148002783225222     ; --            ; --          ; --         ;
; PARTITION_COLOR                     ; 16764057              ; --            ; --          ; Top        ;
; PARTITION_FITTER_PRESERVATION_LEVEL ; PLACEMENT_AND_ROUTING ; --            ; --          ; Top        ;
; PARTITION_NETLIST_TYPE              ; SOURCE                ; --            ; --          ; Top        ;
+-------------------------------------+-----------------------+---------------+-------------+------------+


+-------------------------------------------------------------------------------------------------------------------------------+
; Flow Elapsed Time                                                                                                             ;
+---------------------------+--------------+-------------------------+---------------------+------------------------------------+
; Module Name               ; Elapsed Time ; Average Processors Used ; Peak Virtual Memory ; Total CPU Time (on all processors) ;
+---------------------------+--------------+-------------------------+---------------------+------------------------------------+
; Analysis & Synthesis      ; 00:00:01     ; 1.0                     ; 698 MB              ; 00:00:01                           ;
; Fitter                    ; 00:00:15     ; 1.0                     ; 1117 MB             ; 00:00:15                           ;
; Assembler                 ; 00:00:05     ; 1.0                     ; 734 MB              ; 00:00:05                           ;
; TimeQuest Timing Analyzer ; 00:00:02     ; 1.0                     ; 745 MB              ; 00:00:02                           ;
; Total                     ; 00:00:23     ; --                      ; --                  ; 00:00:23                           ;
+---------------------------+--------------+-------------------------+---------------------+------------------------------------+


+---------------------------------------------------------------------------------------------+
; Flow OS Summary                                                                             ;
+---------------------------+------------------+--------------+--------------+----------------+
; Module Name               ; Machine Hostname ; OS Name      ; OS Version   ; Processor type ;
+---------------------------+------------------+--------------+--------------+----------------+
; Analysis & Synthesis      ; pem-09           ; CentOS Linux ; CentOS Linux ; x86_64         ;
; Fitter                    ; pem-09           ; CentOS Linux ; CentOS Linux ; x86_64         ;
; Assembler                 ; pem-09           ; CentOS Linux ; CentOS Linux ; x86_64         ;
; TimeQuest Timing Analyzer ; pem-09           ; CentOS Linux ; CentOS Linux ; x86_64         ;
+---------------------------+------------------+--------------+--------------+----------------+


------------
; Flow Log ;
------------
quartus_map --read_settings_files=on --write_settings_files=off modelsim_example -c modelsim_example
quartus_fit --read_settings_files=off --write_settings_files=off modelsim_example -c modelsim_example
quartus_asm --read_settings_files=off --write_settings_files=off modelsim_example -c modelsim_example
quartus_sta modelsim_example -c modelsim_example



