Analysis & Synthesis report for modelsim_example
Thu Nov 24 19:50:32 2016
Quartus II 64-Bit Version 13.0.1 Build 232 06/12/2013 Service Pack 1.78 SJ Web Edition


---------------------
; Table of Contents ;
---------------------
  1. Legal Notice
  2. Analysis & Synthesis Summary
  3. Analysis & Synthesis Settings
  4. Parallel Compilation
  5. Analysis & Synthesis Source Files Read
  6. Analysis & Synthesis Resource Usage Summary
  7. Analysis & Synthesis Resource Utilization by Entity
  8. General Register Statistics
  9. Port Connectivity Checks: "mux_2x1:mux_i"
 10. Elapsed Time Per Partition
 11. Analysis & Synthesis Messages



----------------
; Legal Notice ;
----------------
Copyright (C) 1991-2013 Altera Corporation
Your use of Altera Corporation's design tools, logic functions 
and other software and tools, and its AMPP partner logic 
functions, and any output files from any of the foregoing 
(including device programming or simulation files), and any 
associated documentation or information are expressly subject 
to the terms and conditions of the Altera Program License 
Subscription Agreement, Altera MegaCore Function License 
Agreement, or other applicable license agreement, including, 
without limitation, that your use is for the sole purpose of 
programming logic devices manufactured by Altera and sold by 
Altera or its authorized distributors.  Please refer to the 
applicable agreement for further details.



+-----------------------------------------------------------------------------------------+
; Analysis & Synthesis Summary                                                            ;
+------------------------------------+----------------------------------------------------+
; Analysis & Synthesis Status        ; Successful - Thu Nov 24 19:50:32 2016              ;
; Quartus II 64-Bit Version          ; 13.0.1 Build 232 06/12/2013 SP 1.78 SJ Web Edition ;
; Revision Name                      ; modelsim_example                                   ;
; Top-level Entity Name              ; modelsim_example                                   ;
; Family                             ; Cyclone IV GX                                      ;
; Total logic elements               ; 1                                                  ;
;     Total combinational functions  ; 1                                                  ;
;     Dedicated logic registers      ; 0                                                  ;
; Total registers                    ; 0                                                  ;
; Total pins                         ; 283                                                ;
; Total virtual pins                 ; 0                                                  ;
; Total memory bits                  ; 0                                                  ;
; Embedded Multiplier 9-bit elements ; 0                                                  ;
; Total GXB Receiver Channel PCS     ; 0                                                  ;
; Total GXB Receiver Channel PMA     ; 0                                                  ;
; Total GXB Transmitter Channel PCS  ; 0                                                  ;
; Total GXB Transmitter Channel PMA  ; 0                                                  ;
; Total PLLs                         ; 0                                                  ;
+------------------------------------+----------------------------------------------------+


+----------------------------------------------------------------------------------------------------------------------+
; Analysis & Synthesis Settings                                                                                        ;
+----------------------------------------------------------------------------+--------------------+--------------------+
; Option                                                                     ; Setting            ; Default Value      ;
+----------------------------------------------------------------------------+--------------------+--------------------+
; Top-level entity name                                                      ; modelsim_example   ; modelsim_example   ;
; Family name                                                                ; Cyclone IV GX      ; Cyclone IV GX      ;
; Use smart compilation                                                      ; Off                ; Off                ;
; Enable parallel Assembler and TimeQuest Timing Analyzer during compilation ; On                 ; On                 ;
; Enable compact report table                                                ; Off                ; Off                ;
; Restructure Multiplexers                                                   ; Auto               ; Auto               ;
; Create Debugging Nodes for IP Cores                                        ; Off                ; Off                ;
; Preserve fewer node names                                                  ; On                 ; On                 ;
; Disable OpenCore Plus hardware evaluation                                  ; Off                ; Off                ;
; Verilog Version                                                            ; Verilog_2001       ; Verilog_2001       ;
; VHDL Version                                                               ; VHDL_1993          ; VHDL_1993          ;
; State Machine Processing                                                   ; Auto               ; Auto               ;
; Safe State Machine                                                         ; Off                ; Off                ;
; Extract Verilog State Machines                                             ; On                 ; On                 ;
; Extract VHDL State Machines                                                ; On                 ; On                 ;
; Ignore Verilog initial constructs                                          ; Off                ; Off                ;
; Iteration limit for constant Verilog loops                                 ; 5000               ; 5000               ;
; Iteration limit for non-constant Verilog loops                             ; 250                ; 250                ;
; Add Pass-Through Logic to Inferred RAMs                                    ; On                 ; On                 ;
; Infer RAMs from Raw Logic                                                  ; On                 ; On                 ;
; Parallel Synthesis                                                         ; On                 ; On                 ;
; DSP Block Balancing                                                        ; Auto               ; Auto               ;
; NOT Gate Push-Back                                                         ; On                 ; On                 ;
; Power-Up Don't Care                                                        ; On                 ; On                 ;
; Remove Redundant Logic Cells                                               ; Off                ; Off                ;
; Remove Duplicate Registers                                                 ; On                 ; On                 ;
; Ignore CARRY Buffers                                                       ; Off                ; Off                ;
; Ignore CASCADE Buffers                                                     ; Off                ; Off                ;
; Ignore GLOBAL Buffers                                                      ; Off                ; Off                ;
; Ignore ROW GLOBAL Buffers                                                  ; Off                ; Off                ;
; Ignore LCELL Buffers                                                       ; Off                ; Off                ;
; Ignore SOFT Buffers                                                        ; On                 ; On                 ;
; Limit AHDL Integers to 32 Bits                                             ; Off                ; Off                ;
; Optimization Technique                                                     ; Balanced           ; Balanced           ;
; Carry Chain Length                                                         ; 70                 ; 70                 ;
; Auto Carry Chains                                                          ; On                 ; On                 ;
; Auto Open-Drain Pins                                                       ; On                 ; On                 ;
; Perform WYSIWYG Primitive Resynthesis                                      ; Off                ; Off                ;
; Auto ROM Replacement                                                       ; On                 ; On                 ;
; Auto RAM Replacement                                                       ; On                 ; On                 ;
; Auto DSP Block Replacement                                                 ; On                 ; On                 ;
; Auto Shift Register Replacement                                            ; Auto               ; Auto               ;
; Allow Shift Register Merging across Hierarchies                            ; Auto               ; Auto               ;
; Auto Clock Enable Replacement                                              ; On                 ; On                 ;
; Strict RAM Replacement                                                     ; Off                ; Off                ;
; Allow Synchronous Control Signals                                          ; On                 ; On                 ;
; Force Use of Synchronous Clear Signals                                     ; Off                ; Off                ;
; Auto RAM Block Balancing                                                   ; On                 ; On                 ;
; Auto RAM to Logic Cell Conversion                                          ; Off                ; Off                ;
; Auto Resource Sharing                                                      ; Off                ; Off                ;
; Allow Any RAM Size For Recognition                                         ; Off                ; Off                ;
; Allow Any ROM Size For Recognition                                         ; Off                ; Off                ;
; Allow Any Shift Register Size For Recognition                              ; Off                ; Off                ;
; Use LogicLock Constraints during Resource Balancing                        ; On                 ; On                 ;
; Ignore translate_off and synthesis_off directives                          ; Off                ; Off                ;
; Timing-Driven Synthesis                                                    ; On                 ; On                 ;
; Report Parameter Settings                                                  ; On                 ; On                 ;
; Report Source Assignments                                                  ; On                 ; On                 ;
; Report Connectivity Checks                                                 ; On                 ; On                 ;
; Ignore Maximum Fan-Out Assignments                                         ; Off                ; Off                ;
; Synchronization Register Chain Length                                      ; 2                  ; 2                  ;
; PowerPlay Power Optimization                                               ; Normal compilation ; Normal compilation ;
; HDL message level                                                          ; Level2             ; Level2             ;
; Suppress Register Optimization Related Messages                            ; Off                ; Off                ;
; Number of Removed Registers Reported in Synthesis Report                   ; 5000               ; 5000               ;
; Number of Swept Nodes Reported in Synthesis Report                         ; 5000               ; 5000               ;
; Number of Inverted Registers Reported in Synthesis Report                  ; 100                ; 100                ;
; Clock MUX Protection                                                       ; On                 ; On                 ;
; Auto Gated Clock Conversion                                                ; Off                ; Off                ;
; Block Design Naming                                                        ; Auto               ; Auto               ;
; SDC constraint protection                                                  ; Off                ; Off                ;
; Synthesis Effort                                                           ; Auto               ; Auto               ;
; Shift Register Replacement - Allow Asynchronous Clear Signal               ; On                 ; On                 ;
; Pre-Mapping Resynthesis Optimization                                       ; Off                ; Off                ;
; Analysis & Synthesis Message Level                                         ; Medium             ; Medium             ;
; Disable Register Merging Across Hierarchies                                ; Auto               ; Auto               ;
; Resource Aware Inference For Block RAM                                     ; On                 ; On                 ;
; Synthesis Seed                                                             ; 1                  ; 1                  ;
+----------------------------------------------------------------------------+--------------------+--------------------+


Parallel compilation was disabled, but you have multiple processors available. Enable parallel compilation to reduce compilation time.
+-------------------------------------+
; Parallel Compilation                ;
+----------------------------+--------+
; Processors                 ; Number ;
+----------------------------+--------+
; Number detected on machine ; 8      ;
; Maximum allowed            ; 1      ;
+----------------------------+--------+


+-----------------------------------------------------------------------------------------------------------------------------------------------------------------+
; Analysis & Synthesis Source Files Read                                                                                                                          ;
+----------------------------------+-----------------+------------------------------------+-------------------------------------------------------------+---------+
; File Name with User-Entered Path ; Used in Netlist ; File Type                          ; File Name with Absolute Path                                ; Library ;
+----------------------------------+-----------------+------------------------------------+-------------------------------------------------------------+---------+
; modelsim_example.v               ; yes             ; Auto-Found Verilog HDL File        ; /home/rafaelp/Desktop/quartus-simulation/modelsim_example.v ;         ;
; mux_2x1.sv                       ; yes             ; Auto-Found SystemVerilog HDL File  ; /home/rafaelp/Desktop/quartus-simulation/mux_2x1.sv         ;         ;
+----------------------------------+-----------------+------------------------------------+-------------------------------------------------------------+---------+


+---------------------------------------------+
; Analysis & Synthesis Resource Usage Summary ;
+--------------------------+------------------+
; Resource                 ; Usage            ;
+--------------------------+------------------+
; I/O pins                 ; 283              ;
; DSP block 9-bit elements ; 0                ;
; Maximum fan-out node     ; SD_DAT3~output   ;
; Maximum fan-out          ; 1                ;
; Total fan-out            ; 406              ;
; Average fan-out          ; 0.59             ;
+--------------------------+------------------+


+-----------------------------------------------------------------------------------------------------------------------------------------------------------------------------------------------------+
; Analysis & Synthesis Resource Utilization by Entity                                                                                                                                                 ;
+----------------------------+-------------------+--------------+-------------+--------------+---------+-----------+-----------+------+--------------+---------------------------------+--------------+
; Compilation Hierarchy Node ; LC Combinationals ; LC Registers ; Memory Bits ; DSP Elements ; DSP 9x9 ; DSP 18x18 ; DSP 36x36 ; Pins ; Virtual Pins ; Full Hierarchy Name             ; Library Name ;
+----------------------------+-------------------+--------------+-------------+--------------+---------+-----------+-----------+------+--------------+---------------------------------+--------------+
; |modelsim_example          ; 1 (0)             ; 0 (0)        ; 0           ; 0            ; 0       ; 0         ; 0         ; 283  ; 0            ; |modelsim_example               ; work         ;
;    |mux_2x1:mux_i|         ; 1 (1)             ; 0 (0)        ; 0           ; 0            ; 0       ; 0         ; 0         ; 0    ; 0            ; |modelsim_example|mux_2x1:mux_i ; work         ;
+----------------------------+-------------------+--------------+-------------+--------------+---------+-----------+-----------+------+--------------+---------------------------------+--------------+
Note: For table entries with two numbers listed, the numbers in parentheses indicate the number of resources of the given type used by the specific entity alone. The numbers listed outside of parentheses indicate the total resources of the given type used by the specific entity and all of its sub-entities in the hierarchy.


+------------------------------------------------------+
; General Register Statistics                          ;
+----------------------------------------------+-------+
; Statistic                                    ; Value ;
+----------------------------------------------+-------+
; Total registers                              ; 0     ;
; Number of registers using Synchronous Clear  ; 0     ;
; Number of registers using Synchronous Load   ; 0     ;
; Number of registers using Asynchronous Clear ; 0     ;
; Number of registers using Asynchronous Load  ; 0     ;
; Number of registers using Clock Enable       ; 0     ;
; Number of registers using Preset             ; 0     ;
+----------------------------------------------+-------+


+------------------------------------------------------------------------------------------------------------------------------------------------------------------------------------------------------------+
; Port Connectivity Checks: "mux_2x1:mux_i"                                                                                                                                                                  ;
+------+-------+----------+----------------------------------------------------------------------------------------------------------------------------------------------------------------------------------+
; Port ; Type  ; Severity ; Details                                                                                                                                                                          ;
+------+-------+----------+----------------------------------------------------------------------------------------------------------------------------------------------------------------------------------+
; sel  ; Input ; Warning  ; Input port expression (2 bits) is wider than the input port (1 bits) it drives.  The 1 most-significant bit(s) in the expression will be dangling if they have no other fanouts. ;
+------+-------+----------+----------------------------------------------------------------------------------------------------------------------------------------------------------------------------------+


+-------------------------------+
; Elapsed Time Per Partition    ;
+----------------+--------------+
; Partition Name ; Elapsed Time ;
+----------------+--------------+
; Top            ; 00:00:00     ;
+----------------+--------------+


+-------------------------------+
; Analysis & Synthesis Messages ;
+-------------------------------+
Info: *******************************************************************
Info: Running Quartus II 64-Bit Analysis & Synthesis
    Info: Version 13.0.1 Build 232 06/12/2013 Service Pack 1.78 SJ Web Edition
    Info: Processing started: Thu Nov 24 19:50:31 2016
Info: Command: quartus_map --read_settings_files=on --write_settings_files=off modelsim_example -c modelsim_example
Warning (20028): Parallel compilation is not licensed and has been disabled
Warning (12125): Using design file modelsim_example.v, which is not specified as a design file for the current project, but contains definitions for 1 design units and 1 entities in project
    Info (12023): Found entity 1: modelsim_example
Info (12127): Elaborating entity "modelsim_example" for the top level hierarchy
Warning (10034): Output port "DRAM_ADDR" at modelsim_example.v(107) has no driver
Warning (10034): Output port "FL_ADDR" at modelsim_example.v(120) has no driver
Warning (10034): Output port "SRAM_ADDR" at modelsim_example.v(127) has no driver
Warning (10034): Output port "VGA_R" at modelsim_example.v(152) has no driver
Warning (10034): Output port "VGA_G" at modelsim_example.v(153) has no driver
Warning (10034): Output port "VGA_B" at modelsim_example.v(154) has no driver
Warning (10034): Output port "UART_TXD" at modelsim_example.v(103) has no driver
Warning (10034): Output port "DRAM_LDQM" at modelsim_example.v(108) has no driver
Warning (10034): Output port "DRAM_UDQM" at modelsim_example.v(109) has no driver
Warning (10034): Output port "DRAM_WE_N" at modelsim_example.v(110) has no driver
Warning (10034): Output port "DRAM_CAS_N" at modelsim_example.v(111) has no driver
Warning (10034): Output port "DRAM_RAS_N" at modelsim_example.v(112) has no driver
Warning (10034): Output port "DRAM_CS_N" at modelsim_example.v(113) has no driver
Warning (10034): Output port "DRAM_BA_0" at modelsim_example.v(114) has no driver
Warning (10034): Output port "DRAM_BA_1" at modelsim_example.v(115) has no driver
Warning (10034): Output port "DRAM_CLK" at modelsim_example.v(116) has no driver
Warning (10034): Output port "DRAM_CKE" at modelsim_example.v(117) has no driver
Warning (10034): Output port "FL_WE_N" at modelsim_example.v(121) has no driver
Warning (10034): Output port "FL_RST_N" at modelsim_example.v(122) has no driver
Warning (10034): Output port "FL_OE_N" at modelsim_example.v(123) has no driver
Warning (10034): Output port "FL_CE_N" at modelsim_example.v(124) has no driver
Warning (10034): Output port "SRAM_UB_N" at modelsim_example.v(128) has no driver
Warning (10034): Output port "SRAM_LB_N" at modelsim_example.v(129) has no driver
Warning (10034): Output port "SRAM_WE_N" at modelsim_example.v(130) has no driver
Warning (10034): Output port "SRAM_CE_N" at modelsim_example.v(131) has no driver
Warning (10034): Output port "SRAM_OE_N" at modelsim_example.v(132) has no driver
Warning (10034): Output port "SD_CLK" at modelsim_example.v(137) has no driver
Warning (10034): Output port "TDO" at modelsim_example.v(148) has no driver
Warning (10034): Output port "I2C_SCLK" at modelsim_example.v(140) has no driver
Warning (10034): Output port "VGA_HS" at modelsim_example.v(150) has no driver
Warning (10034): Output port "VGA_VS" at modelsim_example.v(151) has no driver
Warning (10034): Output port "AUD_DACDAT" at modelsim_example.v(159) has no driver
Warning (10034): Output port "AUD_XCK" at modelsim_example.v(161) has no driver
Warning (12125): Using design file mux_2x1.sv, which is not specified as a design file for the current project, but contains definitions for 1 design units and 1 entities in project
    Info (12023): Found entity 1: mux_2x1
Info (12128): Elaborating entity "mux_2x1" for hierarchy "mux_2x1:mux_i"
Warning (12241): 1 hierarchies have connectivity warnings - see the Connectivity Checks report folder
Warning (13039): The following bidir pins have no drivers
    Warning (13040): Bidir "SD_DAT3" has no driver
    Warning (13040): Bidir "SD_CMD" has no driver
Warning (13024): Output pins are stuck at VCC or GND
    Warning (13410): Pin "HEX0[0]" is stuck at VCC
    Warning (13410): Pin "HEX0[1]" is stuck at VCC
    Warning (13410): Pin "HEX0[2]" is stuck at VCC
    Warning (13410): Pin "HEX0[3]" is stuck at VCC
    Warning (13410): Pin "HEX0[4]" is stuck at VCC
    Warning (13410): Pin "HEX0[5]" is stuck at VCC
    Warning (13410): Pin "HEX0[6]" is stuck at VCC
    Warning (13410): Pin "HEX1[0]" is stuck at VCC
    Warning (13410): Pin "HEX1[1]" is stuck at VCC
    Warning (13410): Pin "HEX1[2]" is stuck at VCC
    Warning (13410): Pin "HEX1[3]" is stuck at VCC
    Warning (13410): Pin "HEX1[4]" is stuck at VCC
    Warning (13410): Pin "HEX1[5]" is stuck at VCC
    Warning (13410): Pin "HEX1[6]" is stuck at VCC
    Warning (13410): Pin "HEX2[0]" is stuck at VCC
    Warning (13410): Pin "HEX2[1]" is stuck at VCC
    Warning (13410): Pin "HEX2[2]" is stuck at VCC
    Warning (13410): Pin "HEX2[3]" is stuck at VCC
    Warning (13410): Pin "HEX2[4]" is stuck at VCC
    Warning (13410): Pin "HEX2[5]" is stuck at VCC
    Warning (13410): Pin "HEX2[6]" is stuck at VCC
    Warning (13410): Pin "HEX3[0]" is stuck at VCC
    Warning (13410): Pin "HEX3[1]" is stuck at VCC
    Warning (13410): Pin "HEX3[2]" is stuck at VCC
    Warning (13410): Pin "HEX3[3]" is stuck at VCC
    Warning (13410): Pin "HEX3[4]" is stuck at VCC
    Warning (13410): Pin "HEX3[5]" is stuck at VCC
    Warning (13410): Pin "HEX3[6]" is stuck at VCC
    Warning (13410): Pin "LEDG[0]" is stuck at GND
    Warning (13410): Pin "LEDG[1]" is stuck at GND
    Warning (13410): Pin "LEDG[2]" is stuck at GND
    Warning (13410): Pin "LEDG[3]" is stuck at GND
    Warning (13410): Pin "LEDG[4]" is stuck at GND
    Warning (13410): Pin "LEDG[5]" is stuck at GND
    Warning (13410): Pin "LEDG[6]" is stuck at GND
    Warning (13410): Pin "LEDG[7]" is stuck at GND
    Warning (13410): Pin "LEDR[1]" is stuck at GND
    Warning (13410): Pin "LEDR[2]" is stuck at GND
    Warning (13410): Pin "LEDR[3]" is stuck at GND
    Warning (13410): Pin "LEDR[4]" is stuck at GND
    Warning (13410): Pin "LEDR[5]" is stuck at GND
    Warning (13410): Pin "LEDR[6]" is stuck at GND
    Warning (13410): Pin "LEDR[7]" is stuck at GND
    Warning (13410): Pin "LEDR[8]" is stuck at GND
    Warning (13410): Pin "LEDR[9]" is stuck at GND
    Warning (13410): Pin "UART_TXD" is stuck at GND
    Warning (13410): Pin "DRAM_ADDR[0]" is stuck at GND
    Warning (13410): Pin "DRAM_ADDR[1]" is stuck at GND
    Warning (13410): Pin "DRAM_ADDR[2]" is stuck at GND
    Warning (13410): Pin "DRAM_ADDR[3]" is stuck at GND
    Warning (13410): Pin "DRAM_ADDR[4]" is stuck at GND
    Warning (13410): Pin "DRAM_ADDR[5]" is stuck at GND
    Warning (13410): Pin "DRAM_ADDR[6]" is stuck at GND
    Warning (13410): Pin "DRAM_ADDR[7]" is stuck at GND
    Warning (13410): Pin "DRAM_ADDR[8]" is stuck at GND
    Warning (13410): Pin "DRAM_ADDR[9]" is stuck at GND
    Warning (13410): Pin "DRAM_ADDR[10]" is stuck at GND
    Warning (13410): Pin "DRAM_ADDR[11]" is stuck at GND
    Warning (13410): Pin "DRAM_LDQM" is stuck at GND
    Warning (13410): Pin "DRAM_UDQM" is stuck at GND
    Warning (13410): Pin "DRAM_WE_N" is stuck at GND
    Warning (13410): Pin "DRAM_CAS_N" is stuck at GND
    Warning (13410): Pin "DRAM_RAS_N" is stuck at GND
    Warning (13410): Pin "DRAM_CS_N" is stuck at GND
    Warning (13410): Pin "DRAM_BA_0" is stuck at GND
    Warning (13410): Pin "DRAM_BA_1" is stuck at GND
    Warning (13410): Pin "DRAM_CLK" is stuck at GND
    Warning (13410): Pin "DRAM_CKE" is stuck at GND
    Warning (13410): Pin "FL_ADDR[0]" is stuck at GND
    Warning (13410): Pin "FL_ADDR[1]" is stuck at GND
    Warning (13410): Pin "FL_ADDR[2]" is stuck at GND
    Warning (13410): Pin "FL_ADDR[3]" is stuck at GND
    Warning (13410): Pin "FL_ADDR[4]" is stuck at GND
    Warning (13410): Pin "FL_ADDR[5]" is stuck at GND
    Warning (13410): Pin "FL_ADDR[6]" is stuck at GND
    Warning (13410): Pin "FL_ADDR[7]" is stuck at GND
    Warning (13410): Pin "FL_ADDR[8]" is stuck at GND
    Warning (13410): Pin "FL_ADDR[9]" is stuck at GND
    Warning (13410): Pin "FL_ADDR[10]" is stuck at GND
    Warning (13410): Pin "FL_ADDR[11]" is stuck at GND
    Warning (13410): Pin "FL_ADDR[12]" is stuck at GND
    Warning (13410): Pin "FL_ADDR[13]" is stuck at GND
    Warning (13410): Pin "FL_ADDR[14]" is stuck at GND
    Warning (13410): Pin "FL_ADDR[15]" is stuck at GND
    Warning (13410): Pin "FL_ADDR[16]" is stuck at GND
    Warning (13410): Pin "FL_ADDR[17]" is stuck at GND
    Warning (13410): Pin "FL_ADDR[18]" is stuck at GND
    Warning (13410): Pin "FL_ADDR[19]" is stuck at GND
    Warning (13410): Pin "FL_ADDR[20]" is stuck at GND
    Warning (13410): Pin "FL_ADDR[21]" is stuck at GND
    Warning (13410): Pin "FL_WE_N" is stuck at GND
    Warning (13410): Pin "FL_RST_N" is stuck at GND
    Warning (13410): Pin "FL_OE_N" is stuck at GND
    Warning (13410): Pin "FL_CE_N" is stuck at GND
    Warning (13410): Pin "SRAM_ADDR[0]" is stuck at GND
    Warning (13410): Pin "SRAM_ADDR[1]" is stuck at GND
    Warning (13410): Pin "SRAM_ADDR[2]" is stuck at GND
    Warning (13410): Pin "SRAM_ADDR[3]" is stuck at GND
    Warning (13410): Pin "SRAM_ADDR[4]" is stuck at GND
    Warning (13410): Pin "SRAM_ADDR[5]" is stuck at GND
    Warning (13410): Pin "SRAM_ADDR[6]" is stuck at GND
    Warning (13410): Pin "SRAM_ADDR[7]" is stuck at GND
    Warning (13410): Pin "SRAM_ADDR[8]" is stuck at GND
    Warning (13410): Pin "SRAM_ADDR[9]" is stuck at GND
    Warning (13410): Pin "SRAM_ADDR[10]" is stuck at GND
    Warning (13410): Pin "SRAM_ADDR[11]" is stuck at GND
    Warning (13410): Pin "SRAM_ADDR[12]" is stuck at GND
    Warning (13410): Pin "SRAM_ADDR[13]" is stuck at GND
    Warning (13410): Pin "SRAM_ADDR[14]" is stuck at GND
    Warning (13410): Pin "SRAM_ADDR[15]" is stuck at GND
    Warning (13410): Pin "SRAM_ADDR[16]" is stuck at GND
    Warning (13410): Pin "SRAM_ADDR[17]" is stuck at GND
    Warning (13410): Pin "SRAM_UB_N" is stuck at GND
    Warning (13410): Pin "SRAM_LB_N" is stuck at GND
    Warning (13410): Pin "SRAM_WE_N" is stuck at GND
    Warning (13410): Pin "SRAM_CE_N" is stuck at GND
    Warning (13410): Pin "SRAM_OE_N" is stuck at GND
    Warning (13410): Pin "SD_CLK" is stuck at GND
    Warning (13410): Pin "TDO" is stuck at GND
    Warning (13410): Pin "I2C_SCLK" is stuck at GND
    Warning (13410): Pin "VGA_HS" is stuck at GND
    Warning (13410): Pin "VGA_VS" is stuck at GND
    Warning (13410): Pin "VGA_R[0]" is stuck at GND
    Warning (13410): Pin "VGA_R[1]" is stuck at GND
    Warning (13410): Pin "VGA_R[2]" is stuck at GND
    Warning (13410): Pin "VGA_R[3]" is stuck at GND
    Warning (13410): Pin "VGA_G[0]" is stuck at GND
    Warning (13410): Pin "VGA_G[1]" is stuck at GND
    Warning (13410): Pin "VGA_G[2]" is stuck at GND
    Warning (13410): Pin "VGA_G[3]" is stuck at GND
    Warning (13410): Pin "VGA_B[0]" is stuck at GND
    Warning (13410): Pin "VGA_B[1]" is stuck at GND
    Warning (13410): Pin "VGA_B[2]" is stuck at GND
    Warning (13410): Pin "VGA_B[3]" is stuck at GND
    Warning (13410): Pin "AUD_DACDAT" is stuck at GND
    Warning (13410): Pin "AUD_XCK" is stuck at GND
Info (286030): Timing-Driven Synthesis is running
Info (16010): Generating hard_block partition "hard_block:auto_generated_inst"
    Info (16011): Adding 0 node(s), including 0 DDIO, 0 PLL, 0 transceiver and 0 LCELL
Warning (21074): Design contains 24 input pin(s) that do not drive logic
    Warning (15610): No output dependent on input pin "CLOCK_24[0]"
    Warning (15610): No output dependent on input pin "CLOCK_24[1]"
    Warning (15610): No output dependent on input pin "CLOCK_27[0]"
    Warning (15610): No output dependent on input pin "CLOCK_27[1]"
    Warning (15610): No output dependent on input pin "CLOCK_50"
    Warning (15610): No output dependent on input pin "EXT_CLOCK"
    Warning (15610): No output dependent on input pin "KEY[0]"
    Warning (15610): No output dependent on input pin "KEY[1]"
    Warning (15610): No output dependent on input pin "KEY[2]"
    Warning (15610): No output dependent on input pin "KEY[3]"
    Warning (15610): No output dependent on input pin "SW[3]"
    Warning (15610): No output dependent on input pin "SW[4]"
    Warning (15610): No output dependent on input pin "SW[5]"
    Warning (15610): No output dependent on input pin "SW[6]"
    Warning (15610): No output dependent on input pin "SW[7]"
    Warning (15610): No output dependent on input pin "SW[8]"
    Warning (15610): No output dependent on input pin "SW[9]"
    Warning (15610): No output dependent on input pin "UART_RXD"
    Warning (15610): No output dependent on input pin "TDI"
    Warning (15610): No output dependent on input pin "TCK"
    Warning (15610): No output dependent on input pin "TCS"
    Warning (15610): No output dependent on input pin "PS2_DAT"
    Warning (15610): No output dependent on input pin "PS2_CLK"
    Warning (15610): No output dependent on input pin "AUD_ADCDAT"
Info (21057): Implemented 284 device resources after synthesis - the final resource count might be different
    Info (21058): Implemented 27 input pins
    Info (21059): Implemented 137 output pins
    Info (21060): Implemented 119 bidirectional pins
    Info (21061): Implemented 1 logic cells
Info: Quartus II 64-Bit Analysis & Synthesis was successful. 0 errors, 202 warnings
    Info: Peak virtual memory: 746 megabytes
    Info: Processing ended: Thu Nov 24 19:50:32 2016
    Info: Elapsed time: 00:00:01
    Info: Total CPU time (on all processors): 00:00:01


